<?xml version="1.0" encoding="UTF-8"?>
<!-- Generated by org.testng.reporters.JUnitReportReporter -->
<testsuite hostname="DESKTOP-83IPFMR" failures="0" tests="1" name="other.browserStack" time="19.523" errors="0" timestamp="10 Jul 2019 13:34:59 GMT" skipped="0">
  <testcase classname="other.browserStack" name="test" time="19.523"/>
</testsuite> <!-- other.browserStack -->
