<?xml version="1.0" encoding="UTF-8"?>
<!-- Generated by org.testng.reporters.JUnitReportReporter -->
<testsuite hostname="DESKTOP-83IPFMR" failures="0" tests="3" name="other.crossbrowsing" time="5.108" errors="0" timestamp="09 Jul 2019 14:46:38 GMT" skipped="0">
  <testcase classname="other.crossbrowsing" name="test" time="2.526"/>
  <testcase classname="other.crossbrowsing" name="test" time="0.113"/>
  <testcase classname="other.crossbrowsing" name="test" time="2.469"/>
</testsuite> <!-- other.crossbrowsing -->
